<?xml version="1.0" encoding="UTF-8"?>
<testsuite name="bpos.centerclient.BPositiveCenterClientApplicationTests" tests="1" skipped="0" failures="0" errors="0" timestamp="2024-05-23T08:30:35" hostname="DESKTOP-32D15JA" time="0.339">
  <properties/>
  <testcase name="contextLoads()" classname="bpos.centerclient.BPositiveCenterClientApplicationTests" time="0.339"/>
  <system-out><![CDATA[11:30:33.966 [Test worker] DEBUG org.springframework.boot.test.context.SpringBootTestContextBootstrapper -- Neither @ContextConfiguration nor @ContextHierarchy found for test class [BPositiveCenterClientApplicationTests]: using SpringBootContextLoader
11:30:33.969 [Test worker] DEBUG org.springframework.test.context.support.AbstractContextLoader -- Could not detect default resource locations for test class [bpos.centerclient.BPositiveCenterClientApplicationTests]: no resource found for suffixes {-context.xml, Context.groovy}.
11:30:33.970 [Test worker] INFO org.springframework.test.context.support.AnnotationConfigContextLoaderUtils -- Could not detect default configuration classes for test class [bpos.centerclient.BPositiveCenterClientApplicationTests]: BPositiveCenterClientApplicationTests does not declare any static, non-private, non-final, nested classes annotated with @Configuration.
11:30:33.988 [Test worker] DEBUG org.springframework.boot.test.context.SpringBootTestContextBootstrapper -- Using ContextCustomizers for test class [BPositiveCenterClientApplicationTests]: [DisableObservabilityContextCustomizer, PropertyMappingContextCustomizer, WebDriverContextCustomizer, ExcludeFilterContextCustomizer, DuplicateJsonObjectContextCustomizer, MockitoContextCustomizer, TestRestTemplateContextCustomizer]
11:30:34.040 [Test worker] DEBUG org.springframework.context.annotation.ClassPathScanningCandidateComponentProvider -- Identified candidate component class: file [C:\Users\Deea\Desktop\BPositiveProjects\New folder\BPositiveJavaFXCenterClient\build\classes\java\main\bpos\centerclient\BPositiveCenterClientApplication.class]
11:30:34.041 [Test worker] INFO org.springframework.boot.test.context.SpringBootTestContextBootstrapper -- Found @SpringBootConfiguration bpos.centerclient.BPositiveCenterClientApplication for test class bpos.centerclient.BPositiveCenterClientApplicationTests
11:30:34.119 [Test worker] DEBUG org.springframework.test.context.util.TestContextSpringFactoriesUtils -- Skipping candidate TestExecutionListener [org.springframework.test.context.observation.MicrometerObservationRegistryTestExecutionListener] due to a missing dependency. Specify custom TestExecutionListener classes or make the default TestExecutionListener classes and their required dependencies available. Offending class: io.micrometer.context.ThreadLocalAccessor. MicrometerObservationRegistryTestExecutionListener requires io.micrometer:micrometer-observation:1.10.8 or higher and io.micrometer:context-propagation:1.0.3 or higher.
11:30:34.119 [Test worker] DEBUG org.springframework.test.context.util.TestContextSpringFactoriesUtils -- Skipping candidate TestExecutionListener [org.springframework.test.context.transaction.TransactionalTestExecutionListener] due to a missing dependency. Specify custom TestExecutionListener classes or make the default TestExecutionListener classes and their required dependencies available. Offending class: org/springframework/transaction/interceptor/TransactionAttributeSource
11:30:34.120 [Test worker] DEBUG org.springframework.test.context.util.TestContextSpringFactoriesUtils -- Skipping candidate TestExecutionListener [org.springframework.test.context.jdbc.SqlScriptsTestExecutionListener] due to a missing dependency. Specify custom TestExecutionListener classes or make the default TestExecutionListener classes and their required dependencies available. Offending class: org/springframework/transaction/interceptor/TransactionAttribute
11:30:34.122 [Test worker] DEBUG org.springframework.boot.test.context.SpringBootTestContextBootstrapper -- Using TestExecutionListeners for test class [BPositiveCenterClientApplicationTests]: [ServletTestExecutionListener, DirtiesContextBeforeModesTestExecutionListener, ApplicationEventsTestExecutionListener, MockitoTestExecutionListener, DependencyInjectionTestExecutionListener, DirtiesContextTestExecutionListener, EventPublishingTestExecutionListener, RestDocsTestExecutionListener, MockRestServiceServerResetTestExecutionListener, MockMvcPrintOnlyOnFailureTestExecutionListener, WebDriverTestExecutionListener, MockWebServiceServerTestExecutionListener, ResetMocksTestExecutionListener]
11:30:34.123 [Test worker] DEBUG org.springframework.test.context.support.DirtiesContextBeforeModesTestExecutionListener -- Before test class: class [BPositiveCenterClientApplicationTests], class annotated with @DirtiesContext [false] with mode [null]

  .   ____          _            __ _ _
 /\\ / ___'_ __ _ _(_)_ __  __ _ \ \ \ \
( ( )\___ | '_ | '_| | '_ \/ _` | \ \ \ \
 \\/  ___)| |_)| | | | | || (_| |  ) ) ) )
  '  |____| .__|_| |_|_| |_\__, | / / / /
 =========|_|==============|___/=/_/_/_/
 :: Spring Boot ::               (v3.0.13)

2024-05-23T11:30:34.362+03:00  INFO 54136 --- [    Test worker] .c.BPositiveCenterClientApplicationTests : Starting BPositiveCenterClientApplicationTests using Java 20.0.1 with PID 54136 (started by Deea in C:\Users\Deea\Desktop\BPositiveProjects\New folder\BPositiveJavaFXCenterClient)
2024-05-23T11:30:34.364+03:00  INFO 54136 --- [    Test worker] .c.BPositiveCenterClientApplicationTests : No active profile set, falling back to 1 default profile: "default"
2024-05-23T11:30:35.293+03:00  INFO 54136 --- [    Test worker] .c.BPositiveCenterClientApplicationTests : Started BPositiveCenterClientApplicationTests in 1.12 seconds (process running for 2.083)
]]></system-out>
  <system-err><![CDATA[]]></system-err>
</testsuite>
